  gcc  -L/usr/openwin/lib -R/usr/openwin/lib   -L/usr/local/lib  -o vim objects/buffer.o objects/charset.o objects/diff.o objects/digraph.o objects/edit.o objects/eval.o objects/ex_cmds.o objects/ex_cmds2.o objects/ex_docmd.o objects/ex_eval.o objects/ex_getln.o objects/fileio.o objects/fold.o objects/getchar.o objects/hardcopy.o objects/hashtab.o  objects/if_cscope.o objects/if_xcmdsrv.o objects/main.o objects/mark.o objects/memfile.o objects/memline.o objects/menu.o objects/message.o objects/misc1.o objects/misc2.o objects/move.o objects/mbyte.o objects/normal.o objects/ops.o objects/option.o objects/os_unix.o objects/pathdef.o objects/popupmnu.o objects/quickfix.o objects/regexp.o objects/screen.o objects/search.o objects/spell.o objects/syntax.o  objects/tag.o objects/term.o objects/ui.o objects/undo.o objects/window.o objects/gui.o objects/gui_gtk.o objects/gui_gtk_x11.o objects/pty.o objects/gui_gtk_f.o objects/gui_beval.o        objects/netbeans.o  objects/version.o   -lgtk-x11-2.0 -lgdk-x11-2.0 -latk-1.0 -lgdk_pixbuf-2.0 -lm -lmlib -lpangoxft-1.0 -lpangox-1.0 -lpango-1.0 -lgobject-2.0 -lgmodule-2.0 -lglib-2.0   -lICE -lXpm -lXt -lX11 -lSM -lICE -lm -lncurses -lelf -lnsl -lsocket         
  gcc  -L/usr/openwin/lib -R/usr/openwin/lib   -L/usr/local/lib  -o vim objects/buffer.o objects/charset.o objects/diff.o objects/digraph.o objects/edit.o objects/eval.o objects/ex_cmds.o objects/ex_cmds2.o objects/ex_docmd.o objects/ex_eval.o objects/ex_getln.o objects/fileio.o objects/fold.o objects/getchar.o objects/hardcopy.o objects/hashtab.o  objects/if_cscope.o objects/if_xcmdsrv.o objects/main.o objects/mark.o objects/memfile.o objects/memline.o objects/menu.o objects/message.o objects/misc1.o objects/misc2.o objects/move.o objects/mbyte.o objects/normal.o objects/ops.o objects/option.o objects/os_unix.o objects/pathdef.o objects/popupmnu.o objects/quickfix.o objects/regexp.o objects/screen.o objects/search.o objects/spell.o objects/syntax.o  objects/tag.o objects/term.o objects/ui.o objects/undo.o objects/window.o objects/gui.o objects/gui_gtk.o objects/gui_gtk_x11.o objects/pty.o objects/gui_gtk_f.o objects/gui_beval.o        objects/netbeans.o  objects/version.o   -lgtk-x11-2.0 -lgdk-x11-2.0 -latk-1.0 -lgdk_pixbuf-2.0 -lm -lmlib -lpangoxft-1.0 -lpangox-1.0 -lpango-1.0 -lgobject-2.0 -lgmodule-2.0 -lglib-2.0   -lICE -lXpm -lXt -lX11 -lICE -lm -lncurses -lelf -lnsl -lsocket         
Undefined			first referenced
 symbol  			    in file
SmcGetIceConnection                 objects/os_unix.o  (symbol belongs to implicit dependency /usr/openwin/lib/libSM.so.6)
SmcOpenConnection                   objects/os_unix.o  (symbol belongs to implicit dependency /usr/openwin/lib/libSM.so.6)
SmcCloseConnection                  objects/os_unix.o  (symbol belongs to implicit dependency /usr/openwin/lib/libSM.so.6)
SmcInteractRequest                  objects/os_unix.o  (symbol belongs to implicit dependency /usr/openwin/lib/libSM.so.6)
SmcSaveYourselfDone                 objects/os_unix.o  (symbol belongs to implicit dependency /usr/openwin/lib/libSM.so.6)
SmcInteractDone                     objects/os_unix.o  (symbol belongs to implicit dependency /usr/openwin/lib/libSM.so.6)
ld: fatal: Symbol referencing errors. No output written to vim
collect2: ld returned 1 exit status
  gcc  -L/usr/openwin/lib -R/usr/openwin/lib   -L/usr/local/lib  -o vim objects/buffer.o objects/charset.o objects/diff.o objects/digraph.o objects/edit.o objects/eval.o objects/ex_cmds.o objects/ex_cmds2.o objects/ex_docmd.o objects/ex_eval.o objects/ex_getln.o objects/fileio.o objects/fold.o objects/getchar.o objects/hardcopy.o objects/hashtab.o  objects/if_cscope.o objects/if_xcmdsrv.o objects/main.o objects/mark.o objects/memfile.o objects/memline.o objects/menu.o objects/message.o objects/misc1.o objects/misc2.o objects/move.o objects/mbyte.o objects/normal.o objects/ops.o objects/option.o objects/os_unix.o objects/pathdef.o objects/popupmnu.o objects/quickfix.o objects/regexp.o objects/screen.o objects/search.o objects/spell.o objects/syntax.o  objects/tag.o objects/term.o objects/ui.o objects/undo.o objects/window.o objects/gui.o objects/gui_gtk.o objects/gui_gtk_x11.o objects/pty.o objects/gui_gtk_f.o objects/gui_beval.o        objects/netbeans.o  objects/version.o   -lgtk-x11-2.0 -lgdk-x11-2.0 -latk-1.0 -lgdk_pixbuf-2.0 -lm -lmlib -lpangoxft-1.0 -lpangox-1.0 -lpango-1.0 -lgobject-2.0 -lgmodule-2.0 -lglib-2.0   -lXpm -lXt -lX11 -lSM -lICE -lm -lncurses -lelf -lnsl -lsocket         
  gcc  -L/usr/openwin/lib -R/usr/openwin/lib   -L/usr/local/lib  -o vim objects/buffer.o objects/charset.o objects/diff.o objects/digraph.o objects/edit.o objects/eval.o objects/ex_cmds.o objects/ex_cmds2.o objects/ex_docmd.o objects/ex_eval.o objects/ex_getln.o objects/fileio.o objects/fold.o objects/getchar.o objects/hardcopy.o objects/hashtab.o  objects/if_cscope.o objects/if_xcmdsrv.o objects/main.o objects/mark.o objects/memfile.o objects/memline.o objects/menu.o objects/message.o objects/misc1.o objects/misc2.o objects/move.o objects/mbyte.o objects/normal.o objects/ops.o objects/option.o objects/os_unix.o objects/pathdef.o objects/popupmnu.o objects/quickfix.o objects/regexp.o objects/screen.o objects/search.o objects/spell.o objects/syntax.o  objects/tag.o objects/term.o objects/ui.o objects/undo.o objects/window.o objects/gui.o objects/gui_gtk.o objects/gui_gtk_x11.o objects/pty.o objects/gui_gtk_f.o objects/gui_beval.o        objects/netbeans.o  objects/version.o   -lgtk-x11-2.0 -lgdk-x11-2.0 -latk-1.0 -lgdk_pixbuf-2.0 -lm -lmlib -lpangoxft-1.0 -lpangox-1.0 -lpango-1.0 -lgobject-2.0 -lgmodule-2.0 -lglib-2.0   -lXpm -lXt -lX11 -lSM -lm -lncurses -lelf -lnsl -lsocket         
Undefined			first referenced
 symbol  			    in file
IceRemoveConnectionWatch            objects/os_unix.o  (symbol belongs to implicit dependency /usr/openwin/lib/libICE.so.6)
IceConnectionNumber                 objects/os_unix.o  (symbol belongs to implicit dependency /usr/openwin/lib/libICE.so.6)
IceAddConnectionWatch               objects/os_unix.o  (symbol belongs to implicit dependency /usr/openwin/lib/libICE.so.6)
IceProcessMessages                  objects/os_unix.o  (symbol belongs to implicit dependency /usr/openwin/lib/libICE.so.6)
ld: fatal: Symbol referencing errors. No output written to vim
collect2: ld returned 1 exit status
  gcc  -L/usr/openwin/lib -R/usr/openwin/lib   -L/usr/local/lib  -o vim objects/buffer.o objects/charset.o objects/diff.o objects/digraph.o objects/edit.o objects/eval.o objects/ex_cmds.o objects/ex_cmds2.o objects/ex_docmd.o objects/ex_eval.o objects/ex_getln.o objects/fileio.o objects/fold.o objects/getchar.o objects/hardcopy.o objects/hashtab.o  objects/if_cscope.o objects/if_xcmdsrv.o objects/main.o objects/mark.o objects/memfile.o objects/memline.o objects/menu.o objects/message.o objects/misc1.o objects/misc2.o objects/move.o objects/mbyte.o objects/normal.o objects/ops.o objects/option.o objects/os_unix.o objects/pathdef.o objects/popupmnu.o objects/quickfix.o objects/regexp.o objects/screen.o objects/search.o objects/spell.o objects/syntax.o  objects/tag.o objects/term.o objects/ui.o objects/undo.o objects/window.o objects/gui.o objects/gui_gtk.o objects/gui_gtk_x11.o objects/pty.o objects/gui_gtk_f.o objects/gui_beval.o        objects/netbeans.o  objects/version.o   -lgtk-x11-2.0 -lgdk-x11-2.0 -latk-1.0 -lgdk_pixbuf-2.0 -lm -lmlib -lpangoxft-1.0 -lpangox-1.0 -lpango-1.0 -lgobject-2.0 -lgmodule-2.0 -lglib-2.0   -lXpm -lXt -lX11 -lSM -lICE -lm -lncurses -lelf -lsocket         
Undefined			first referenced
 symbol  			    in file
gethostbyname                       objects/netbeans.o  (symbol belongs to implicit dependency /usr/lib/libnsl.so.1)
ld: fatal: Symbol referencing errors. No output written to vim
collect2: ld returned 1 exit status
  gcc  -L/usr/openwin/lib -R/usr/openwin/lib   -L/usr/local/lib  -o vim objects/buffer.o objects/charset.o objects/diff.o objects/digraph.o objects/edit.o objects/eval.o objects/ex_cmds.o objects/ex_cmds2.o objects/ex_docmd.o objects/ex_eval.o objects/ex_getln.o objects/fileio.o objects/fold.o objects/getchar.o objects/hardcopy.o objects/hashtab.o  objects/if_cscope.o objects/if_xcmdsrv.o objects/main.o objects/mark.o objects/memfile.o objects/memline.o objects/menu.o objects/message.o objects/misc1.o objects/misc2.o objects/move.o objects/mbyte.o objects/normal.o objects/ops.o objects/option.o objects/os_unix.o objects/pathdef.o objects/popupmnu.o objects/quickfix.o objects/regexp.o objects/screen.o objects/search.o objects/spell.o objects/syntax.o  objects/tag.o objects/term.o objects/ui.o objects/undo.o objects/window.o objects/gui.o objects/gui_gtk.o objects/gui_gtk_x11.o objects/pty.o objects/gui_gtk_f.o objects/gui_beval.o        objects/netbeans.o  objects/version.o   -lgtk-x11-2.0 -lgdk-x11-2.0 -latk-1.0 -lgdk_pixbuf-2.0 -lm -lmlib -lpangoxft-1.0 -lpangox-1.0 -lpango-1.0 -lgobject-2.0 -lgmodule-2.0 -lglib-2.0   -lXpm -lXt -lX11 -lSM -lICE -lm -lncurses -lelf -lnsl 
Undefined			first referenced
 symbol  			    in file
socket                              objects/netbeans.o  (symbol belongs to implicit dependency /usr/lib/libsocket.so.1)
connect                             objects/netbeans.o  (symbol belongs to implicit dependency /usr/lib/libsocket.so.1)
ld: fatal: Symbol referencing errors. No output written to vim
collect2: ld returned 1 exit status
  gcc  -L/usr/openwin/lib -R/usr/openwin/lib   -L/usr/local/lib  -o vim objects/buffer.o objects/charset.o objects/diff.o objects/digraph.o objects/edit.o objects/eval.o objects/ex_cmds.o objects/ex_cmds2.o objects/ex_docmd.o objects/ex_eval.o objects/ex_getln.o objects/fileio.o objects/fold.o objects/getchar.o objects/hardcopy.o objects/hashtab.o  objects/if_cscope.o objects/if_xcmdsrv.o objects/main.o objects/mark.o objects/memfile.o objects/memline.o objects/menu.o objects/message.o objects/misc1.o objects/misc2.o objects/move.o objects/mbyte.o objects/normal.o objects/ops.o objects/option.o objects/os_unix.o objects/pathdef.o objects/popupmnu.o objects/quickfix.o objects/regexp.o objects/screen.o objects/search.o objects/spell.o objects/syntax.o  objects/tag.o objects/term.o objects/ui.o objects/undo.o objects/window.o objects/gui.o objects/gui_gtk.o objects/gui_gtk_x11.o objects/pty.o objects/gui_gtk_f.o objects/gui_beval.o        objects/netbeans.o  objects/version.o   -lgtk-x11-2.0 -lgdk-x11-2.0 -latk-1.0 -lgdk_pixbuf-2.0 -lm -lmlib -lpangoxft-1.0 -lpangox-1.0 -lpango-1.0 -lgobject-2.0 -lgmodule-2.0 -lglib-2.0   -lXpm -lXt -lX11 -lSM -lICE -lm -lncurses -lnsl -lsocket         
  gcc  -L/usr/openwin/lib -R/usr/openwin/lib   -L/usr/local/lib  -o vim objects/buffer.o objects/charset.o objects/diff.o objects/digraph.o objects/edit.o objects/eval.o objects/ex_cmds.o objects/ex_cmds2.o objects/ex_docmd.o objects/ex_eval.o objects/ex_getln.o objects/fileio.o objects/fold.o objects/getchar.o objects/hardcopy.o objects/hashtab.o  objects/if_cscope.o objects/if_xcmdsrv.o objects/main.o objects/mark.o objects/memfile.o objects/memline.o objects/menu.o objects/message.o objects/misc1.o objects/misc2.o objects/move.o objects/mbyte.o objects/normal.o objects/ops.o objects/option.o objects/os_unix.o objects/pathdef.o objects/popupmnu.o objects/quickfix.o objects/regexp.o objects/screen.o objects/search.o objects/spell.o objects/syntax.o  objects/tag.o objects/term.o objects/ui.o objects/undo.o objects/window.o objects/gui.o objects/gui_gtk.o objects/gui_gtk_x11.o objects/pty.o objects/gui_gtk_f.o objects/gui_beval.o        objects/netbeans.o  objects/version.o   -lgtk-x11-2.0 -lgdk-x11-2.0 -latk-1.0 -lgdk_pixbuf-2.0 -lm -lmlib -lpangoxft-1.0 -lpangox-1.0 -lpango-1.0 -lgobject-2.0 -lgmodule-2.0 -lglib-2.0   -lXpm -lX11 -lSM -lICE -lm -lncurses -lnsl -lsocket         
Undefined			first referenced
 symbol  			    in file
applicationShellWidgetClass         objects/os_unix.o
XtGetSelectionValue                 objects/ui.o
XtRealizeWidget                     objects/os_unix.o
XtDispatchEvent                     objects/os_unix.o
XtCreateApplicationContext          objects/ui.o
XtAppPending                        objects/os_unix.o
XtDestroyWidget                     objects/os_unix.o
XtToolkitInitialize                 objects/ui.o
XtFree                              objects/ui.o
topLevelShellWidgetClass            objects/os_unix.o
XtOpenDisplay                       objects/os_unix.o
XtAppNextEvent                      objects/os_unix.o
XtVaAppCreateShell                  objects/os_unix.o
XtDisownSelection                   objects/ui.o
XtMalloc                            objects/ui.o
XtStrings                           objects/os_unix.o
XtOwnSelection                      objects/ui.o
XtVaCreatePopupShell                objects/os_unix.o
ld: fatal: Symbol referencing errors. No output written to vim
collect2: ld returned 1 exit status
  gcc  -L/usr/openwin/lib -R/usr/openwin/lib   -L/usr/local/lib  -o vim objects/buffer.o objects/charset.o objects/diff.o objects/digraph.o objects/edit.o objects/eval.o objects/ex_cmds.o objects/ex_cmds2.o objects/ex_docmd.o objects/ex_eval.o objects/ex_getln.o objects/fileio.o objects/fold.o objects/getchar.o objects/hardcopy.o objects/hashtab.o  objects/if_cscope.o objects/if_xcmdsrv.o objects/main.o objects/mark.o objects/memfile.o objects/memline.o objects/menu.o objects/message.o objects/misc1.o objects/misc2.o objects/move.o objects/mbyte.o objects/normal.o objects/ops.o objects/option.o objects/os_unix.o objects/pathdef.o objects/popupmnu.o objects/quickfix.o objects/regexp.o objects/screen.o objects/search.o objects/spell.o objects/syntax.o  objects/tag.o objects/term.o objects/ui.o objects/undo.o objects/window.o objects/gui.o objects/gui_gtk.o objects/gui_gtk_x11.o objects/pty.o objects/gui_gtk_f.o objects/gui_beval.o        objects/netbeans.o  objects/version.o   -lgtk-x11-2.0 -lgdk-x11-2.0 -latk-1.0 -lgdk_pixbuf-2.0 -lm -lmlib -lpangoxft-1.0 -lpangox-1.0 -lpango-1.0 -lgobject-2.0 -lgmodule-2.0 -lglib-2.0   -lXt -lX11 -lSM -lICE -lm -lncurses -lnsl -lsocket         
  gcc  -L/usr/openwin/lib -R/usr/openwin/lib   -L/usr/local/lib  -o vim objects/buffer.o objects/charset.o objects/diff.o objects/digraph.o objects/edit.o objects/eval.o objects/ex_cmds.o objects/ex_cmds2.o objects/ex_docmd.o objects/ex_eval.o objects/ex_getln.o objects/fileio.o objects/fold.o objects/getchar.o objects/hardcopy.o objects/hashtab.o  objects/if_cscope.o objects/if_xcmdsrv.o objects/main.o objects/mark.o objects/memfile.o objects/memline.o objects/menu.o objects/message.o objects/misc1.o objects/misc2.o objects/move.o objects/mbyte.o objects/normal.o objects/ops.o objects/option.o objects/os_unix.o objects/pathdef.o objects/popupmnu.o objects/quickfix.o objects/regexp.o objects/screen.o objects/search.o objects/spell.o objects/syntax.o  objects/tag.o objects/term.o objects/ui.o objects/undo.o objects/window.o objects/gui.o objects/gui_gtk.o objects/gui_gtk_x11.o objects/pty.o objects/gui_gtk_f.o objects/gui_beval.o        objects/netbeans.o  objects/version.o   -lgtk-x11-2.0 -lgdk-x11-2.0 -latk-1.0 -lgdk_pixbuf-2.0 -lm -lmlib -lpangoxft-1.0 -lpangox-1.0 -lpango-1.0 -lgobject-2.0 -lgmodule-2.0 -lglib-2.0   -lXt -lSM -lICE -lm -lncurses -lnsl -lsocket         
Undefined			first referenced
 symbol  			    in file
XCheckTypedEvent                    objects/ui.o  (symbol belongs to implicit dependency /usr/openwin/lib/libX11.so.4)
XFree                               objects/if_xcmdsrv.o  (symbol belongs to implicit dependency /usr/openwin/lib/libX11.so.4)
XSync                               objects/if_xcmdsrv.o  (symbol belongs to implicit dependency /usr/openwin/lib/libX11.so.4)
XOpenDisplay                        objects/os_unix.o  (symbol belongs to implicit dependency /usr/openwin/lib/libX11.so.4)
XKeysymToKeycode                    objects/mbyte.o  (symbol belongs to implicit dependency /usr/openwin/lib/libX11.so.4)
XmbTextPropertyToTextList           objects/ui.o  (symbol belongs to implicit dependency /usr/openwin/lib/libX11.so.4)
XEventsQueued                       objects/if_xcmdsrv.o  (symbol belongs to implicit dependency /usr/openwin/lib/libX11.so.4)
XWarpPointer                        objects/gui_gtk_x11.o  (symbol belongs to implicit dependency /usr/openwin/lib/libX11.so.4)
XGetWindowProperty                  objects/if_xcmdsrv.o  (symbol belongs to implicit dependency /usr/openwin/lib/libX11.so.4)
XDeleteProperty                     objects/if_xcmdsrv.o  (symbol belongs to implicit dependency /usr/openwin/lib/libX11.so.4)
XGetWMIconName                      objects/os_unix.o  (symbol belongs to implicit dependency /usr/openwin/lib/libX11.so.4)
XGetErrorText                       objects/os_unix.o  (symbol belongs to implicit dependency /usr/openwin/lib/libX11.so.4)
XFlush                              objects/if_xcmdsrv.o  (symbol belongs to implicit dependency /usr/openwin/lib/libX11.so.4)
XmbTextListToTextProperty           objects/ui.o  (symbol belongs to implicit dependency /usr/openwin/lib/libX11.so.4)
XDefaultRootWindow                  objects/if_xcmdsrv.o  (symbol belongs to implicit dependency /usr/openwin/lib/libX11.so.4)
XListProperties                     objects/if_xcmdsrv.o  (symbol belongs to implicit dependency /usr/openwin/lib/libX11.so.4)
XSetErrorHandler                    objects/if_xcmdsrv.o  (symbol belongs to implicit dependency /usr/openwin/lib/libX11.so.4)
XCloseDisplay                       objects/os_unix.o  (symbol belongs to implicit dependency /usr/openwin/lib/libX11.so.4)
XGrabServer                         objects/if_xcmdsrv.o  (symbol belongs to implicit dependency /usr/openwin/lib/libX11.so.4)
XChangeProperty                     objects/if_xcmdsrv.o  (symbol belongs to implicit dependency /usr/openwin/lib/libX11.so.4)
XSetIOErrorHandler                  objects/os_unix.o  (symbol belongs to implicit dependency /usr/openwin/lib/libX11.so.4)
XFreeStringList                     objects/ui.o  (symbol belongs to implicit dependency /usr/openwin/lib/libX11.so.4)
XFetchBuffer                        objects/ui.o  (symbol belongs to implicit dependency /usr/openwin/lib/libX11.so.4)
XGetWMName                          objects/os_unix.o  (symbol belongs to implicit dependency /usr/openwin/lib/libX11.so.4)
XSetCommand                         objects/gui_gtk_x11.o  (symbol belongs to implicit dependency /usr/openwin/lib/libX11.so.4)
XGetWMProtocols                     objects/gui_gtk_x11.o  (symbol belongs to implicit dependency /usr/openwin/lib/libX11.so.4)
XSetWMProtocols                     objects/gui_gtk_x11.o  (symbol belongs to implicit dependency /usr/openwin/lib/libX11.so.4)
XUngrabServer                       objects/if_xcmdsrv.o  (symbol belongs to implicit dependency /usr/openwin/lib/libX11.so.4)
XStoreBuffer                        objects/ops.o  (symbol belongs to implicit dependency /usr/openwin/lib/libX11.so.4)
XStringListToTextProperty           objects/os_unix.o  (symbol belongs to implicit dependency /usr/openwin/lib/libX11.so.4)
XGetWMNormalHints                   objects/os_unix.o  (symbol belongs to implicit dependency /usr/openwin/lib/libX11.so.4)
XQueryTree                          objects/os_unix.o  (symbol belongs to implicit dependency /usr/openwin/lib/libX11.so.4)
XQueryPointer                       objects/os_unix.o  (symbol belongs to implicit dependency /usr/openwin/lib/libX11.so.4)
XCreateSimpleWindow                 objects/if_xcmdsrv.o  (symbol belongs to implicit dependency /usr/openwin/lib/libX11.so.4)
XInternAtom                         objects/if_xcmdsrv.o  (symbol belongs to implicit dependency /usr/openwin/lib/libX11.so.4)
XParseGeometry                      objects/gui_gtk_x11.o  (symbol belongs to implicit dependency /usr/openwin/lib/libX11.so.4)
XSetWMProperties                    objects/os_unix.o  (symbol belongs to implicit dependency /usr/openwin/lib/libX11.so.4)
XSelectInput                        objects/if_xcmdsrv.o  (symbol belongs to implicit dependency /usr/openwin/lib/libX11.so.4)
XNextEvent                          objects/if_xcmdsrv.o  (symbol belongs to implicit dependency /usr/openwin/lib/libX11.so.4)
XGetGeometry                        objects/if_xcmdsrv.o  (symbol belongs to implicit dependency /usr/openwin/lib/libX11.so.4)
ld: fatal: Symbol referencing errors. No output written to vim
collect2: ld returned 1 exit status
  gcc  -L/usr/openwin/lib -R/usr/openwin/lib   -L/usr/local/lib  -o vim objects/buffer.o objects/charset.o objects/diff.o objects/digraph.o objects/edit.o objects/eval.o objects/ex_cmds.o objects/ex_cmds2.o objects/ex_docmd.o objects/ex_eval.o objects/ex_getln.o objects/fileio.o objects/fold.o objects/getchar.o objects/hardcopy.o objects/hashtab.o  objects/if_cscope.o objects/if_xcmdsrv.o objects/main.o objects/mark.o objects/memfile.o objects/memline.o objects/menu.o objects/message.o objects/misc1.o objects/misc2.o objects/move.o objects/mbyte.o objects/normal.o objects/ops.o objects/option.o objects/os_unix.o objects/pathdef.o objects/popupmnu.o objects/quickfix.o objects/regexp.o objects/screen.o objects/search.o objects/spell.o objects/syntax.o  objects/tag.o objects/term.o objects/ui.o objects/undo.o objects/window.o objects/gui.o objects/gui_gtk.o objects/gui_gtk_x11.o objects/pty.o objects/gui_gtk_f.o objects/gui_beval.o        objects/netbeans.o  objects/version.o   -lgtk-x11-2.0 -lgdk-x11-2.0 -latk-1.0 -lgdk_pixbuf-2.0 -lmlib -lpangoxft-1.0 -lpangox-1.0 -lpango-1.0 -lgobject-2.0 -lgmodule-2.0 -lglib-2.0   -lXt -lX11 -lSM -lICE -lm -lncurses -lnsl -lsocket         
