This file contains any messages produced by compilers while
running configure, to aid debugging if configure makes a mistake.

It was created by configure, which was
generated by GNU Autoconf 2.61.  Invocation command line was

  $ ./configure prefix=/home/cc/cs61a/fa09/class/cs61a-pc/common

## --------- ##
## Platform. ##
## --------- ##

hostname = star
uname -m = sun4v
uname -r = 5.10
uname -s = SunOS
uname -v = Generic_141414-10

/usr/bin/uname -p = sparc
/bin/uname -X     = System = SunOS
Node = star
Release = 5.10
KernelID = Generic_141414-10
Machine = sun4v
BusType = <unknown>
Serial = <unknown>
Users = <unknown>
OEM# = 0
Origin# = 1
NumCPU = 64

/bin/arch              = sun4
/usr/bin/arch -k       = sun4v
/usr/convex/getsysinfo = unknown
/usr/bin/hostinfo      = unknown
/bin/machine           = unknown
/usr/bin/oslevel       = unknown
/bin/universe          = unknown

PATH: /home/cc/cs61a/fa09/class/cs61a-pc/common/bin
PATH: /home/cc/cs61a/fa09/class/cs61a-pc/common
PATH: /share/b/grading/bin
PATH: /home/ff/cs61a/bin
PATH: /home/ff/cs61a/bin/arch/sun4v
PATH: /home/ff/cs61a/local/ps2/bin
PATH: /usr/openwin/bin
PATH: /usr/dt/bin
PATH: /usr/sww/opt/java/bin
PATH: /usr/local/bin
PATH: /usr/bin
PATH: /bin
PATH: /usr/ucb
PATH: /usr/sww/bin
PATH: /usr/sfw/bin
PATH: /share/b/grading/bin
PATH: /share/b/grading/sbin
PATH: /share/b/runas/sun4v
PATH: /share/b/bin
PATH: /home/aa/projects/scheme/bin
PATH: /usr/ccs/bin
PATH: /home/ff/cs61a/bin/mars
PATH: .


## ----------- ##
## Core tests. ##
## ----------- ##

configure:1981: checking for a BSD-compatible install
configure:2037: result: /usr/local/bin/ginstall -c
configure:2048: checking whether build environment is sane
configure:2091: result: yes
configure:2124: checking for gawk
configure:2140: found /usr/sww/bin/gawk
configure:2151: result: gawk
configure:2162: checking whether make sets $(MAKE)
configure:2183: result: yes
configure:2363: checking whether to enable maintainer-specific portions of Makefiles
configure:2372: result: no
configure:2469: checking build system type
configure:2487: result: sparc-sun-solaris2.10
configure:2509: checking host system type
configure:2524: result: sparc-sun-solaris2.10
configure:2558: checking for style of include used by make
configure:2586: result: GNU
configure:2659: checking for gcc
configure:2675: found /usr/sww/bin/gcc
configure:2686: result: gcc
configure:2924: checking for C compiler version
configure:2931: gcc --version >&5
gcc (GCC) 3.4.4
Copyright (C) 2004 Free Software Foundation, Inc.
This is free software; see the source for copying conditions.  There is NO
warranty; not even for MERCHANTABILITY or FITNESS FOR A PARTICULAR PURPOSE.

configure:2934: $? = 0
configure:2941: gcc -v >&5
Reading specs from /usr/sww/pkg/gcc-3.4.4/lib/gcc/sparc-sun-solaris2.10/3.4.4/specs
Configured with: ../gcc-3.4.4/configure --with-gnu-as --with-as=/usr/sww/bin/gas --with-ld=/usr/ccs/bin/ld --with-local-prefix=/usr/sww --with-elf --enable-threads=posix --enable-shared --enable-languages=c,c++,f77 --with-system-zlib --prefix=/usr/sww/pkg/gcc-3.4.4
Thread model: posix
gcc version 3.4.4
configure:2944: $? = 0
configure:2951: gcc -V >&5
gcc: `-V' option must have argument
configure:2954: $? = 1
configure:2977: checking for C compiler default output file name
configure:3004: gcc    conftest.c  >&5
configure:3007: $? = 0
configure:3045: result: a.out
configure:3062: checking whether the C compiler works
configure:3072: ./a.out
configure:3075: $? = 0
configure:3092: result: yes
configure:3099: checking whether we are cross compiling
configure:3101: result: no
configure:3104: checking for suffix of executables
configure:3111: gcc -o conftest    conftest.c  >&5
configure:3114: $? = 0
configure:3138: result: 
configure:3144: checking for suffix of object files
configure:3170: gcc -c   conftest.c >&5
configure:3173: $? = 0
configure:3196: result: o
configure:3200: checking whether we are using the GNU C compiler
configure:3229: gcc -c   conftest.c >&5
configure:3235: $? = 0
configure:3252: result: yes
configure:3257: checking whether gcc accepts -g
configure:3287: gcc -c -g  conftest.c >&5
configure:3293: $? = 0
configure:3392: result: yes
configure:3409: checking for gcc option to accept ISO C89
configure:3483: gcc  -c -g -O2  conftest.c >&5
configure:3489: $? = 0
configure:3512: result: none needed
configure:3532: checking dependency style of gcc
configure:3615: result: gcc3
configure:3632: checking for a sed that does not truncate output
configure:3688: result: /usr/bin/sed
configure:3691: checking for grep that handles long lines and -e
configure:3765: result: /usr/sww/bin/ggrep
configure:3770: checking for egrep
configure:3848: result: /usr/sww/bin/ggrep -E
configure:3864: checking for ld used by gcc
configure:3931: result: /usr/ccs/bin/ld
configure:3940: checking if the linker (/usr/ccs/bin/ld) is GNU ld
configure:3955: result: no
configure:3960: checking for /usr/ccs/bin/ld option to reload object files
configure:3967: result: -r
configure:3985: checking for BSD-compatible nm
configure:4034: result: /usr/ccs/bin/nm -p
configure:4038: checking whether ln -s works
configure:4042: result: yes
configure:4049: checking how to recognize dependent libraries
configure:4235: result: pass_all
configure:4448: gcc -c -g -O2  conftest.c >&5
configure:4451: $? = 0
configure:4476: checking how to run the C preprocessor
configure:4516: gcc -E  conftest.c
configure:4522: $? = 0
configure:4553: gcc -E  conftest.c
conftest.c:10:28: ac_nonexistent.h: No such file or directory
configure:4559: $? = 1
configure: failed program was:
| /* confdefs.h.  */
| #define PACKAGE_NAME ""
| #define PACKAGE_TARNAME ""
| #define PACKAGE_VERSION ""
| #define PACKAGE_STRING ""
| #define PACKAGE_BUGREPORT ""
| #define PACKAGE "pkg-config"
| #define VERSION "0.23"
| /* end confdefs.h.  */
| #include <ac_nonexistent.h>
configure:4592: result: gcc -E
configure:4621: gcc -E  conftest.c
configure:4627: $? = 0
configure:4658: gcc -E  conftest.c
conftest.c:10:28: ac_nonexistent.h: No such file or directory
configure:4664: $? = 1
configure: failed program was:
| /* confdefs.h.  */
| #define PACKAGE_NAME ""
| #define PACKAGE_TARNAME ""
| #define PACKAGE_VERSION ""
| #define PACKAGE_STRING ""
| #define PACKAGE_BUGREPORT ""
| #define PACKAGE "pkg-config"
| #define VERSION "0.23"
| /* end confdefs.h.  */
| #include <ac_nonexistent.h>
configure:4702: checking for ANSI C header files
configure:4732: gcc -c -g -O2  conftest.c >&5
configure:4738: $? = 0
configure:4837: gcc -o conftest -g -O2   conftest.c  >&5
configure:4840: $? = 0
configure:4846: ./conftest
configure:4849: $? = 0
configure:4866: result: yes
configure:4890: checking for sys/types.h
configure:4911: gcc -c -g -O2  conftest.c >&5
configure:4917: $? = 0
configure:4933: result: yes
configure:4890: checking for sys/stat.h
configure:4911: gcc -c -g -O2  conftest.c >&5
configure:4917: $? = 0
configure:4933: result: yes
configure:4890: checking for stdlib.h
configure:4911: gcc -c -g -O2  conftest.c >&5
configure:4917: $? = 0
configure:4933: result: yes
configure:4890: checking for string.h
configure:4911: gcc -c -g -O2  conftest.c >&5
configure:4917: $? = 0
configure:4933: result: yes
configure:4890: checking for memory.h
configure:4911: gcc -c -g -O2  conftest.c >&5
configure:4917: $? = 0
configure:4933: result: yes
configure:4890: checking for strings.h
configure:4911: gcc -c -g -O2  conftest.c >&5
configure:4917: $? = 0
configure:4933: result: yes
configure:4890: checking for inttypes.h
configure:4911: gcc -c -g -O2  conftest.c >&5
configure:4917: $? = 0
configure:4933: result: yes
configure:4890: checking for stdint.h
configure:4911: gcc -c -g -O2  conftest.c >&5
configure:4917: $? = 0
configure:4933: result: yes
configure:4890: checking for unistd.h
configure:4911: gcc -c -g -O2  conftest.c >&5
configure:4917: $? = 0
configure:4933: result: yes
configure:4960: checking dlfcn.h usability
configure:4977: gcc -c -g -O2  conftest.c >&5
configure:4983: $? = 0
configure:4997: result: yes
configure:5001: checking dlfcn.h presence
configure:5016: gcc -E  conftest.c
configure:5022: $? = 0
configure:5036: result: yes
configure:5064: checking for dlfcn.h
configure:5072: result: yes
configure:5143: checking for g++
configure:5159: found /usr/sww/bin/g++
configure:5170: result: g++
configure:5201: checking for C++ compiler version
configure:5208: g++ --version >&5
g++ (GCC) 3.4.4
Copyright (C) 2004 Free Software Foundation, Inc.
This is free software; see the source for copying conditions.  There is NO
warranty; not even for MERCHANTABILITY or FITNESS FOR A PARTICULAR PURPOSE.

configure:5211: $? = 0
configure:5218: g++ -v >&5
Reading specs from /usr/sww/pkg/gcc-3.4.4/lib/gcc/sparc-sun-solaris2.10/3.4.4/specs
Configured with: ../gcc-3.4.4/configure --with-gnu-as --with-as=/usr/sww/bin/gas --with-ld=/usr/ccs/bin/ld --with-local-prefix=/usr/sww --with-elf --enable-threads=posix --enable-shared --enable-languages=c,c++,f77 --with-system-zlib --prefix=/usr/sww/pkg/gcc-3.4.4
Thread model: posix
gcc version 3.4.4
configure:5221: $? = 0
configure:5228: g++ -V >&5
g++: `-V' option must have argument
configure:5231: $? = 1
configure:5234: checking whether we are using the GNU C++ compiler
configure:5263: g++ -c   conftest.cpp >&5
configure:5269: $? = 0
configure:5286: result: yes
configure:5291: checking whether g++ accepts -g
configure:5321: g++ -c -g  conftest.cpp >&5
configure:5327: $? = 0
configure:5426: result: yes
configure:5451: checking dependency style of g++
configure:5534: result: gcc3
configure:5561: checking how to run the C++ preprocessor
configure:5597: g++ -E  conftest.cpp
configure:5603: $? = 0
configure:5634: g++ -E  conftest.cpp
conftest.cpp:21:28: ac_nonexistent.h: No such file or directory
configure:5640: $? = 1
configure: failed program was:
| /* confdefs.h.  */
| #define PACKAGE_NAME ""
| #define PACKAGE_TARNAME ""
| #define PACKAGE_VERSION ""
| #define PACKAGE_STRING ""
| #define PACKAGE_BUGREPORT ""
| #define PACKAGE "pkg-config"
| #define VERSION "0.23"
| #define STDC_HEADERS 1
| #define HAVE_SYS_TYPES_H 1
| #define HAVE_SYS_STAT_H 1
| #define HAVE_STDLIB_H 1
| #define HAVE_STRING_H 1
| #define HAVE_MEMORY_H 1
| #define HAVE_STRINGS_H 1
| #define HAVE_INTTYPES_H 1
| #define HAVE_STDINT_H 1
| #define HAVE_UNISTD_H 1
| #define HAVE_DLFCN_H 1
| /* end confdefs.h.  */
| #include <ac_nonexistent.h>
configure:5673: result: g++ -E
configure:5702: g++ -E  conftest.cpp
configure:5708: $? = 0
configure:5739: g++ -E  conftest.cpp
conftest.cpp:21:28: ac_nonexistent.h: No such file or directory
configure:5745: $? = 1
configure: failed program was:
| /* confdefs.h.  */
| #define PACKAGE_NAME ""
| #define PACKAGE_TARNAME ""
| #define PACKAGE_VERSION ""
| #define PACKAGE_STRING ""
| #define PACKAGE_BUGREPORT ""
| #define PACKAGE "pkg-config"
| #define VERSION "0.23"
| #define STDC_HEADERS 1
| #define HAVE_SYS_TYPES_H 1
| #define HAVE_SYS_STAT_H 1
| #define HAVE_STDLIB_H 1
| #define HAVE_STRING_H 1
| #define HAVE_MEMORY_H 1
| #define HAVE_STRINGS_H 1
| #define HAVE_INTTYPES_H 1
| #define HAVE_STDINT_H 1
| #define HAVE_UNISTD_H 1
| #define HAVE_DLFCN_H 1
| /* end confdefs.h.  */
| #include <ac_nonexistent.h>
configure:5838: checking for g77
configure:5854: found /usr/sww/bin/g77
configure:5865: result: g77
configure:5895: checking for Fortran 77 compiler version
configure:5902: g77 --version >&5
GNU Fortran (GCC) 3.4.4
Copyright (C) 2004 Free Software Foundation, Inc.

GNU Fortran comes with NO WARRANTY, to the extent permitted by law.
You may redistribute copies of GNU Fortran
under the terms of the GNU General Public License.
For more information about these matters, see the file named COPYING
or type the command `info -f g77 Copying'.
configure:5905: $? = 0
configure:5912: g77 -v >&5
Reading specs from /usr/sww/pkg/gcc-3.4.4/lib/gcc/sparc-sun-solaris2.10/3.4.4/specs
Configured with: ../gcc-3.4.4/configure --with-gnu-as --with-as=/usr/sww/bin/gas --with-ld=/usr/ccs/bin/ld --with-local-prefix=/usr/sww --with-elf --enable-threads=posix --enable-shared --enable-languages=c,c++,f77 --with-system-zlib --prefix=/usr/sww/pkg/gcc-3.4.4
Thread model: posix
gcc version 3.4.4
configure:5915: $? = 0
configure:5922: g77 -V >&5
g77: `-V' option must have argument
configure:5925: $? = 1
configure:5933: checking whether we are using the GNU Fortran 77 compiler
configure:5952: g77 -c  conftest.F >&5
configure:5958: $? = 0
configure:5975: result: yes
configure:5981: checking whether g77 accepts -g
configure:5998: g77 -c -g conftest.f >&5
configure:6004: $? = 0
configure:6020: result: yes
configure:6050: checking the maximum length of command line arguments
configure:6162: result: 786240
configure:6174: checking command to parse /usr/ccs/bin/nm -p output from gcc object
configure:6279: gcc -c -g -O2  conftest.c >&5
configure:6282: $? = 0
configure:6286: /usr/ccs/bin/nm -p conftest.o \| sed -n -e 's/^.*[ 	]\([BDRT][BDRT]*\)[ 	][ 	]*\([_A-Za-z][_A-Za-z0-9]*\)$/\1 \2 \2/p' \> conftest.nm
configure:6289: $? = 0
configure:6341: gcc -o conftest -g -O2   conftest.c conftstm.o >&5
configure:6344: $? = 0
configure:6382: result: ok
configure:6386: checking for objdir
configure:6401: result: .libs
configure:6493: checking for ar
configure:6509: found /usr/ccs/bin/ar
configure:6520: result: ar
configure:6589: checking for ranlib
configure:6605: found /usr/ccs/bin/ranlib
configure:6616: result: ranlib
configure:6685: checking for strip
configure:6701: found /usr/ccs/bin/strip
configure:6712: result: strip
configure:6998: checking if gcc supports -fno-rtti -fno-exceptions
configure:7016: gcc -c -g -O2  -fno-rtti -fno-exceptions conftest.c >&5
cc1: warning: command line option "-fno-rtti" is valid for C++/ObjC++ but not for C
configure:7020: $? = 0
configure:7033: result: no
configure:7048: checking for gcc option to produce PIC
configure:7280: result: -fPIC
configure:7288: checking if gcc PIC flag -fPIC works
configure:7306: gcc -c -g -O2  -fPIC -DPIC conftest.c >&5
configure:7310: $? = 0
configure:7323: result: yes
configure:7351: checking if gcc static flag -static works
configure:7379: result: no
configure:7389: checking if gcc supports -c -o file.o
configure:7410: gcc -c -g -O2  -o out/conftest2.o conftest.c >&5
configure:7414: $? = 0
configure:7436: result: yes
configure:7462: checking whether the gcc linker (/usr/ccs/bin/ld) supports shared libraries
configure:8443: result: yes
configure:8464: checking whether -lc should be explicitly linked in
configure:8469: gcc -c -g -O2  conftest.c >&5
configure:8472: $? = 0
configure:8487: gcc -shared -Wl,-h -Wl,conftest -o conftest conftest.o  -v 2\>\&1 \| grep  -lc  \>/dev/null 2\>\&1
configure:8490: $? = 1
configure:8502: result: yes
configure:8510: checking dynamic linker characteristics
configure:9124: result: solaris2.10 ld.so
configure:9133: checking how to hardcode library paths into programs
configure:9158: result: immediate
configure:9172: checking whether stripping libraries is possible
configure:9194: result: no
configure:9979: checking if libtool supports shared libraries
configure:9981: result: yes
configure:9984: checking whether to build shared libraries
configure:10005: result: yes
configure:10008: checking whether to build static libraries
configure:10012: result: yes
configure:10105: creating libtool
configure:10693: checking for ld used by g++
configure:10760: result: /usr/ccs/bin/ld
configure:10769: checking if the linker (/usr/ccs/bin/ld) is GNU ld
configure:10784: result: no
configure:10835: checking whether the g++ linker (/usr/ccs/bin/ld) supports shared libraries
configure:11809: result: yes
configure:11827: g++ -c -g -O2  conftest.cpp >&5
configure:11830: $? = 0
configure:11982: checking for g++ option to produce PIC
configure:12266: result: -fPIC
configure:12274: checking if g++ PIC flag -fPIC works
configure:12292: g++ -c -g -O2  -fPIC -DPIC conftest.cpp >&5
configure:12296: $? = 0
configure:12309: result: yes
configure:12337: checking if g++ static flag -static works
configure:12365: result: no
configure:12375: checking if g++ supports -c -o file.o
configure:12396: g++ -c -g -O2  -o out/conftest2.o conftest.cpp >&5
configure:12400: $? = 0
configure:12422: result: yes
configure:12448: checking whether the g++ linker (/usr/ccs/bin/ld) supports shared libraries
configure:12476: result: yes
configure:12543: checking dynamic linker characteristics
configure:13105: result: solaris2.10 ld.so
configure:13114: checking how to hardcode library paths into programs
configure:13139: result: immediate
configure:13673: checking if libtool supports shared libraries
configure:13675: result: yes
configure:13678: checking whether to build shared libraries
configure:13698: result: yes
configure:13701: checking whether to build static libraries
configure:13705: result: yes
configure:13715: checking for g77 option to produce PIC
configure:13947: result: -fPIC
configure:13955: checking if g77 PIC flag -fPIC works
configure:13973: g77 -c -g -O2 -fPIC conftest.f >&5
configure:13977: $? = 0
configure:13990: result: yes
configure:14018: checking if g77 static flag -static works
configure:14046: result: no
configure:14056: checking if g77 supports -c -o file.o
configure:14077: g77 -c -g -O2 -o out/conftest2.o conftest.f >&5
configure:14081: $? = 0
configure:14103: result: yes
configure:14129: checking whether the g77 linker (/usr/ccs/bin/ld) supports shared libraries
configure:15090: result: yes
configure:15157: checking dynamic linker characteristics
configure:15719: result: solaris2.10 ld.so
configure:15728: checking how to hardcode library paths into programs
configure:15753: result: immediate
configure:19385: checking for gcc
configure:19412: result: gcc
configure:19650: checking for C compiler version
configure:19657: gcc --version >&5
gcc (GCC) 3.4.4
Copyright (C) 2004 Free Software Foundation, Inc.
This is free software; see the source for copying conditions.  There is NO
warranty; not even for MERCHANTABILITY or FITNESS FOR A PARTICULAR PURPOSE.

configure:19660: $? = 0
configure:19667: gcc -v >&5
Reading specs from /usr/sww/pkg/gcc-3.4.4/lib/gcc/sparc-sun-solaris2.10/3.4.4/specs
Configured with: ../gcc-3.4.4/configure --with-gnu-as --with-as=/usr/sww/bin/gas --with-ld=/usr/ccs/bin/ld --with-local-prefix=/usr/sww --with-elf --enable-threads=posix --enable-shared --enable-languages=c,c++,f77 --with-system-zlib --prefix=/usr/sww/pkg/gcc-3.4.4
Thread model: posix
gcc version 3.4.4
configure:19670: $? = 0
configure:19677: gcc -V >&5
gcc: `-V' option must have argument
configure:19680: $? = 1
configure:19683: checking whether we are using the GNU C compiler
configure:19735: result: yes
configure:19740: checking whether gcc accepts -g
configure:19875: result: yes
configure:19892: checking for gcc option to accept ISO C89
configure:19995: result: none needed
configure:20015: checking dependency style of gcc
configure:20098: result: gcc3
use_indirect_deps=auto
configure:20149: checking whether to list both direct and indirect dependencies
configure:20170: result: no
configure:20189: checking for Win32
configure:20199: result: no
configure:20312: checking for working alloca.h
configure:20339: gcc -o conftest -g -O2   conftest.c  >&5
configure:20345: $? = 0
configure:20362: result: yes
configure:20372: checking for alloca
configure:20419: gcc -o conftest -g -O2   conftest.c  >&5
configure:20425: $? = 0
configure:20442: result: yes
configure:20675: checking for setresuid
configure:20731: gcc -o conftest -g -O2   conftest.c  >&5
Undefined			first referenced
 symbol  			    in file
setresuid                           /var/tmp//cc2gl4vP.o
ld: fatal: Symbol referencing errors. No output written to conftest
collect2: ld returned 1 exit status
configure:20737: $? = 1
configure: failed program was:
| /* confdefs.h.  */
| #define PACKAGE_NAME ""
| #define PACKAGE_TARNAME ""
| #define PACKAGE_VERSION ""
| #define PACKAGE_STRING ""
| #define PACKAGE_BUGREPORT ""
| #define PACKAGE "pkg-config"
| #define VERSION "0.23"
| #define STDC_HEADERS 1
| #define HAVE_SYS_TYPES_H 1
| #define HAVE_SYS_STAT_H 1
| #define HAVE_STDLIB_H 1
| #define HAVE_STRING_H 1
| #define HAVE_MEMORY_H 1
| #define HAVE_STRINGS_H 1
| #define HAVE_INTTYPES_H 1
| #define HAVE_STDINT_H 1
| #define HAVE_UNISTD_H 1
| #define HAVE_DLFCN_H 1
| #define ENABLE_INDIRECT_DEPS 0
| #define HAVE_ALLOCA_H 1
| #define HAVE_ALLOCA 1
| /* end confdefs.h.  */
| /* Define setresuid to an innocuous variant, in case <limits.h> declares setresuid.
|    For example, HP-UX 11i <limits.h> declares gettimeofday.  */
| #define setresuid innocuous_setresuid
| 
| /* System header to define __stub macros and hopefully few prototypes,
|     which can conflict with char setresuid (); below.
|     Prefer <limits.h> to <assert.h> if __STDC__ is defined, since
|     <limits.h> exists even on freestanding compilers.  */
| 
| #ifdef __STDC__
| # include <limits.h>
| #else
| # include <assert.h>
| #endif
| 
| #undef setresuid
| 
| /* Override any GCC internal prototype to avoid an error.
|    Use char because int might match the return type of a GCC
|    builtin and then its argument prototype would still apply.  */
| #ifdef __cplusplus
| extern "C"
| #endif
| char setresuid ();
| /* The GNU C library defines this for functions which it implements
|     to always fail with ENOSYS.  Some functions are actually named
|     something starting with __ and the normal name is an alias.  */
| #if defined __stub_setresuid || defined __stub___setresuid
| choke me
| #endif
| 
| int
| main ()
| {
| return setresuid ();
|   ;
|   return 0;
| }
configure:20755: result: no
configure:20675: checking for setreuid
configure:20731: gcc -o conftest -g -O2   conftest.c  >&5
configure:20737: $? = 0
configure:20755: result: yes
configure:20782: checking dirent.h usability
configure:20799: gcc -c -g -O2  conftest.c >&5
configure:20805: $? = 0
configure:20819: result: yes
configure:20823: checking dirent.h presence
configure:20838: gcc -E  conftest.c
configure:20844: $? = 0
configure:20858: result: yes
configure:20886: checking for dirent.h
configure:20894: result: yes
configure:20772: checking for unistd.h
configure:20778: result: yes
configure:20782: checking sys/wait.h usability
configure:20799: gcc -c -g -O2  conftest.c >&5
configure:20805: $? = 0
configure:20819: result: yes
configure:20823: checking sys/wait.h presence
configure:20838: gcc -E  conftest.c
configure:20844: $? = 0
configure:20858: result: yes
configure:20886: checking for sys/wait.h
configure:20894: result: yes
configure:21052: creating ./config.status

## ---------------------- ##
## Running config.status. ##
## ---------------------- ##

This file was extended by config.status, which was
generated by GNU Autoconf 2.61.  Invocation command line was

  CONFIG_FILES    = 
  CONFIG_HEADERS  = 
  CONFIG_LINKS    = 
  CONFIG_COMMANDS = 
  $ ./config.status 

on star

config.status:670: creating Makefile
config.status:670: creating check/Makefile
config.status:670: creating config.h
config.status:944: executing depfiles commands
configure:22395: === configuring in glib-1.2.10 (/home/cc/cs61a/fa09/class/cs61a-pc/packages/pkg-config-0.23/glib-1.2.10)
configure:22498: running /usr/bin/ksh ./configure '--prefix=/home/cc/cs61a/fa09/class/cs61a-pc/common'  'prefix=/home/cc/cs61a/fa09/class/cs61a-pc/common' --cache-file=/dev/null --srcdir=.

## ---------------- ##
## Cache variables. ##
## ---------------- ##

ac_cv_build=sparc-sun-solaris2.10
ac_cv_c_compiler_gnu=yes
ac_cv_cxx_compiler_gnu=yes
ac_cv_env_CCC_set=''
ac_cv_env_CCC_value=''
ac_cv_env_CC_set=''
ac_cv_env_CC_value=''
ac_cv_env_CFLAGS_set=''
ac_cv_env_CFLAGS_value=''
ac_cv_env_CPPFLAGS_set=''
ac_cv_env_CPPFLAGS_value=''
ac_cv_env_CPP_set=''
ac_cv_env_CPP_value=''
ac_cv_env_CXXCPP_set=''
ac_cv_env_CXXCPP_value=''
ac_cv_env_CXXFLAGS_set=''
ac_cv_env_CXXFLAGS_value=''
ac_cv_env_CXX_set=''
ac_cv_env_CXX_value=''
ac_cv_env_F77_set=''
ac_cv_env_F77_value=''
ac_cv_env_FFLAGS_set=''
ac_cv_env_FFLAGS_value=''
ac_cv_env_LDFLAGS_set=''
ac_cv_env_LDFLAGS_value=''
ac_cv_env_LIBS_set=''
ac_cv_env_LIBS_value=''
ac_cv_env_build_alias_set=''
ac_cv_env_build_alias_value=''
ac_cv_env_host_alias_set=''
ac_cv_env_host_alias_value=''
ac_cv_env_target_alias_set=''
ac_cv_env_target_alias_value=''
ac_cv_f77_compiler_gnu=yes
ac_cv_func_alloca_works=yes
ac_cv_func_setresuid=no
ac_cv_func_setreuid=yes
ac_cv_header_dirent_h=yes
ac_cv_header_dlfcn_h=yes
ac_cv_header_inttypes_h=yes
ac_cv_header_memory_h=yes
ac_cv_header_stdc=yes
ac_cv_header_stdint_h=yes
ac_cv_header_stdlib_h=yes
ac_cv_header_string_h=yes
ac_cv_header_strings_h=yes
ac_cv_header_sys_stat_h=yes
ac_cv_header_sys_types_h=yes
ac_cv_header_sys_wait_h=yes
ac_cv_header_unistd_h=yes
ac_cv_host=sparc-sun-solaris2.10
ac_cv_objext=o
ac_cv_path_EGREP='/usr/sww/bin/ggrep -E'
ac_cv_path_GREP=/usr/sww/bin/ggrep
ac_cv_path_install='/usr/local/bin/ginstall -c'
ac_cv_prog_AWK=gawk
ac_cv_prog_CPP='gcc -E'
ac_cv_prog_CXXCPP='g++ -E'
ac_cv_prog_ac_ct_AR=ar
ac_cv_prog_ac_ct_CC=gcc
ac_cv_prog_ac_ct_CXX=g++
ac_cv_prog_ac_ct_F77=g77
ac_cv_prog_ac_ct_RANLIB=ranlib
ac_cv_prog_ac_ct_STRIP=strip
ac_cv_prog_cc_c89=''
ac_cv_prog_cc_g=yes
ac_cv_prog_cxx_g=yes
ac_cv_prog_f77_g=yes
ac_cv_prog_make_make_set=yes
ac_cv_working_alloca_h=yes
am_cv_CC_dependencies_compiler_type=gcc3
am_cv_CXX_dependencies_compiler_type=gcc3
lt_cv_deplibs_check_method=pass_all
lt_cv_file_magic_cmd='$MAGIC_CMD'
lt_cv_file_magic_test_file=''
lt_cv_ld_reload_flag=-r
lt_cv_objdir=.libs
lt_cv_path_LD=/usr/ccs/bin/ld
lt_cv_path_LDCXX=/usr/ccs/bin/ld
lt_cv_path_NM='/usr/ccs/bin/nm -p'
lt_cv_path_SED=/usr/bin/sed
lt_cv_prog_compiler_c_o=yes
lt_cv_prog_compiler_c_o_CXX=yes
lt_cv_prog_compiler_c_o_F77=yes
lt_cv_prog_compiler_rtti_exceptions=no
lt_cv_prog_gnu_ld=no
lt_cv_prog_gnu_ldcxx=no
lt_cv_sys_global_symbol_pipe='sed -n -e '\''s/^.*[ 	]\([BDRT][BDRT]*\)[ 	][ 	]*\([_A-Za-z][_A-Za-z0-9]*\)$/\1 \2 \2/p'\'''
lt_cv_sys_global_symbol_to_c_name_address='sed -n -e '\''s/^: \([^ ]*\) $/  {\"\1\", (lt_ptr) 0},/p'\'' -e '\''s/^[BCDEGRST] \([^ ]*\) \([^ ]*\)$/  {"\2", (lt_ptr) \&\2},/p'\'''
lt_cv_sys_global_symbol_to_cdecl='sed -n -e '\''s/^. .* \(.*\)$/extern int \1;/p'\'''
lt_cv_sys_max_cmd_len=786240
lt_lt_cv_prog_compiler_c_o='"yes"'
lt_lt_cv_prog_compiler_c_o_CXX='"yes"'
lt_lt_cv_prog_compiler_c_o_F77='"yes"'
lt_lt_cv_sys_global_symbol_pipe='"sed -n -e '\''s/^.*[ 	]\\([BDRT][BDRT]*\\)[ 	][ 	]*\\([_A-Za-z][_A-Za-z0-9]*\\)\$/\\1 \\2 \\2/p'\''"'
lt_lt_cv_sys_global_symbol_to_c_name_address='"sed -n -e '\''s/^: \\([^ ]*\\) \$/  {\\\"\\1\\\", (lt_ptr) 0},/p'\'' -e '\''s/^[BCDEGRST] \\([^ ]*\\) \\([^ ]*\\)\$/  {\"\\2\", (lt_ptr) \\&\\2},/p'\''"'
lt_lt_cv_sys_global_symbol_to_cdecl='"sed -n -e '\''s/^. .* \\(.*\\)\$/extern int \\1;/p'\''"'

## ----------------- ##
## Output variables. ##
## ----------------- ##

ACLOCAL='${SHELL} /home/cc/cs61a/fa09/class/cs61a-pc/packages/pkg-config-0.23/missing --run aclocal-1.7'
ALLOCA=''
AMDEPBACKSLASH='\'
AMDEP_FALSE='#'
AMDEP_TRUE=''
AMTAR='${SHELL} /home/cc/cs61a/fa09/class/cs61a-pc/packages/pkg-config-0.23/missing --run tar'
AR='ar'
AUTOCONF='${SHELL} /home/cc/cs61a/fa09/class/cs61a-pc/packages/pkg-config-0.23/missing --run autoconf'
AUTOHEADER='${SHELL} /home/cc/cs61a/fa09/class/cs61a-pc/packages/pkg-config-0.23/missing --run autoheader'
AUTOMAKE='${SHELL} /home/cc/cs61a/fa09/class/cs61a-pc/packages/pkg-config-0.23/missing --run automake-1.7'
AWK='gawk'
CC='gcc'
CCDEPMODE='depmode=gcc3'
CFLAGS='-g -O2'
CPP='gcc -E'
CPPFLAGS=''
CXX='g++'
CXXCPP='g++ -E'
CXXDEPMODE='depmode=gcc3'
CXXFLAGS='-g -O2'
CYGPATH_W='echo'
DEFS='-DHAVE_CONFIG_H'
DEPDIR='.deps'
ECHO='/usr/ucb/echo'
ECHO_C='ECHO_N=''
ECHO_T=''
EGREP='/usr/sww/bin/ggrep -E'
EXEEXT=''
F77='g77'
FFLAGS='-g -O2'
GLIB_CFLAGS=''
GLIB_LIBS=''
GREP='/usr/sww/bin/ggrep'
INSTALL_DATA='${INSTALL} -m 644'
INSTALL_PROGRAM='${INSTALL}'
INSTALL_SCRIPT='${INSTALL}'
INSTALL_STRIP_PROGRAM='${SHELL} $(install_sh) -c -s'
LDFLAGS=''
LIBOBJS=''
LIBS=''
LIBTOOL='$(SHELL) $(top_builddir)/libtool'
LN_S='ln -s'
LTLIBOBJS=''
MAINT='#'
MAINTAINER_MODE_FALSE=''
MAINTAINER_MODE_TRUE='#'
MAKEINFO='${SHELL} /home/cc/cs61a/fa09/class/cs61a-pc/packages/pkg-config-0.23/missing --run makeinfo'
OBJEXT='o'
PACKAGE='pkg-config'
PACKAGE_BUGREPORT=''
PACKAGE_NAME=''
PACKAGE_STRING=''
PACKAGE_TARNAME=''
PACKAGE_VERSION=''
PATH_SEPARATOR=':'
PKG_CONFIG=''
RANLIB='ranlib'
SED='/usr/bin/sed'
SET_MAKE=''
SHELL='/usr/bin/ksh'
STRIP='strip'
USE_INSTALLED_GLIB_FALSE=''
USE_INSTALLED_GLIB_TRUE='#'
VERSION='0.23'
WARN_CFLAGS='-g -Wall -O2'
ac_ct_CC='gcc'
ac_ct_CXX='g++'
ac_ct_F77='g77'
am__fastdepCC_FALSE='#'
am__fastdepCC_TRUE=''
am__fastdepCXX_FALSE='#'
am__fastdepCXX_TRUE=''
am__include='include'
am__leading_dot='.'
am__quote=''
bindir='${exec_prefix}/bin'
build='sparc-sun-solaris2.10'
build_alias=''
build_cpu='sparc'
build_os='solaris2.10'
build_vendor='sun'
datadir='${datarootdir}'
datarootdir='${prefix}/share'
docdir='${datarootdir}/doc/${PACKAGE}'
dvidir='${docdir}'
exec_prefix='${prefix}'
host='sparc-sun-solaris2.10'
host_alias=''
host_cpu='sparc'
host_os='solaris2.10'
host_vendor='sun'
htmldir='${docdir}'
includedir='${prefix}/include'
infodir='${datarootdir}/info'
install_sh='/home/cc/cs61a/fa09/class/cs61a-pc/packages/pkg-config-0.23/install-sh'
libdir='${exec_prefix}/lib'
libexecdir='${exec_prefix}/libexec'
localedir='${datarootdir}/locale'
localstatedir='${prefix}/var'
mandir='${datarootdir}/man'
oldincludedir='/usr/include'
pc_path='${libdir}/pkgconfig:${datadir}/pkgconfig'
pdfdir='${docdir}'
prefix='/home/cc/cs61a/fa09/class/cs61a-pc/common'
program_transform_name='s,x,x,'
psdir='${docdir}'
sbindir='${exec_prefix}/sbin'
sharedstatedir='${prefix}/com'
subdirs=' glib-1.2.10'
sysconfdir='${prefix}/etc'
target_alias=''

## ----------- ##
## confdefs.h. ##
## ----------- ##

#define PACKAGE_NAME ""
#define PACKAGE_TARNAME ""
#define PACKAGE_VERSION ""
#define PACKAGE_STRING ""
#define PACKAGE_BUGREPORT ""
#define PACKAGE "pkg-config"
#define VERSION "0.23"
#define STDC_HEADERS 1
#define HAVE_SYS_TYPES_H 1
#define HAVE_SYS_STAT_H 1
#define HAVE_STDLIB_H 1
#define HAVE_STRING_H 1
#define HAVE_MEMORY_H 1
#define HAVE_STRINGS_H 1
#define HAVE_INTTYPES_H 1
#define HAVE_STDINT_H 1
#define HAVE_UNISTD_H 1
#define HAVE_DLFCN_H 1
#define ENABLE_INDIRECT_DEPS 0
#define HAVE_ALLOCA_H 1
#define HAVE_ALLOCA 1
#define HAVE_SETREUID 1
#define HAVE_DIRENT_H 1
#define HAVE_UNISTD_H 1
#define HAVE_SYS_WAIT_H 1

configure: exit 0
